<?xml version="1.0" encoding="UTF-8"?>
<testng-results skipped="0" failed="0" ignored="0" total="2" passed="2">
  <reporter-output>
  </reporter-output>
  <suite name="Default suite" duration-ms="21898" started-at="2019-01-31T09:06:31Z" finished-at="2019-01-31T09:06:52Z">
    <groups>
    </groups>
    <test name="Default test" duration-ms="21898" started-at="2019-01-31T09:06:31Z" finished-at="2019-01-31T09:06:52Z">
      <class name="Tests.LoginTest">
        <test-method status="PASS" signature="suiteSetUp()[pri:0, instance:Tests.LoginTest@6f7fd0e6]" name="suiteSetUp" is-config="true" duration-ms="70076" started-at="2019-01-31T09:05:20Z" finished-at="2019-01-31T09:06:31Z">
          <reporter-output>
          </reporter-output>
        </test-method> <!-- suiteSetUp -->
        <test-method status="PASS" signature="test1()[pri:0, instance:Tests.LoginTest@6f7fd0e6]" name="test1" duration-ms="17386" started-at="2019-01-31T09:06:31Z" finished-at="2019-01-31T09:06:48Z">
          <reporter-output>
          </reporter-output>
        </test-method> <!-- test1 -->
        <test-method status="PASS" signature="testTearDown(org.testng.ITestResult)[pri:0, instance:Tests.LoginTest@6f7fd0e6]" name="testTearDown" is-config="true" duration-ms="997" started-at="2019-01-31T09:06:48Z" finished-at="2019-01-31T09:06:49Z">
          <params>
            <param index="0">
              <value>
                <![CDATA[[TestResult name=test1 status=SUCCESS method=LoginTest.test1()[pri:0, instance:Tests.LoginTest@6f7fd0e6] output={null}]]]>
              </value>
            </param>
          </params>
          <reporter-output>
          </reporter-output>
        </test-method> <!-- testTearDown -->
        <test-method status="PASS" signature="test2()[pri:0, instance:Tests.LoginTest@6f7fd0e6]" name="test2" duration-ms="3382" started-at="2019-01-31T09:06:49Z" finished-at="2019-01-31T09:06:52Z">
          <reporter-output>
          </reporter-output>
        </test-method> <!-- test2 -->
        <test-method status="PASS" signature="testTearDown(org.testng.ITestResult)[pri:0, instance:Tests.LoginTest@6f7fd0e6]" name="testTearDown" is-config="true" duration-ms="1" started-at="2019-01-31T09:06:52Z" finished-at="2019-01-31T09:06:52Z">
          <params>
            <param index="0">
              <value>
                <![CDATA[[TestResult name=test2 status=SUCCESS method=LoginTest.test2()[pri:0, instance:Tests.LoginTest@6f7fd0e6] output={null}]]]>
              </value>
            </param>
          </params>
          <reporter-output>
          </reporter-output>
        </test-method> <!-- testTearDown -->
        <test-method status="PASS" signature="suiteTearDown()[pri:0, instance:Tests.LoginTest@6f7fd0e6]" name="suiteTearDown" is-config="true" duration-ms="2041" started-at="2019-01-31T09:06:54Z" finished-at="2019-01-31T09:06:56Z">
          <reporter-output>
          </reporter-output>
        </test-method> <!-- suiteTearDown -->
      </class> <!-- Tests.LoginTest -->
    </test> <!-- Default test -->
  </suite> <!-- Default suite -->
</testng-results>
