<?xml version="1.0" encoding="UTF-8"?>
<testng-results skipped="0" failed="0" ignored="6" total="8" passed="2">
  <reporter-output>
  </reporter-output>
  <suite name="Automation suite" duration-ms="40" started-at="2019-02-01T03:04:38Z" finished-at="2019-02-01T03:04:38Z">
    <groups>
    </groups>
    <test name="Test Name" duration-ms="40" started-at="2019-02-01T03:04:38Z" finished-at="2019-02-01T03:04:38Z">
      <class name="com.ss.selenium.annotations.A">
        <test-method status="PASS" signature="suiteBefore()[pri:0, instance:com.ss.selenium.annotations.A@49e4cb85]" name="suiteBefore" is-config="true" duration-ms="11" started-at="2019-02-01T03:04:38Z" finished-at="2019-02-01T03:04:38Z">
          <reporter-output>
          </reporter-output>
        </test-method> <!-- suiteBefore -->
        <test-method status="PASS" signature="beforeTest1()[pri:0, instance:com.ss.selenium.annotations.A@49e4cb85]" name="beforeTest1" is-config="true" duration-ms="1" started-at="2019-02-01T03:04:38Z" finished-at="2019-02-01T03:04:38Z">
          <reporter-output>
          </reporter-output>
        </test-method> <!-- beforeTest1 -->
        <test-method status="PASS" signature="beforemethod1()[pri:0, instance:com.ss.selenium.annotations.A@49e4cb85]" name="beforemethod1" is-config="true" duration-ms="0" started-at="2019-02-01T03:04:38Z" finished-at="2019-02-01T03:04:38Z">
          <reporter-output>
          </reporter-output>
        </test-method> <!-- beforemethod1 -->
        <test-method status="PASS" signature="m1()[pri:0, instance:com.ss.selenium.annotations.A@49e4cb85]" name="m1" duration-ms="2" started-at="2019-02-01T03:04:38Z" finished-at="2019-02-01T03:04:38Z">
          <reporter-output>
          </reporter-output>
        </test-method> <!-- m1 -->
        <test-method status="PASS" signature="aftermethod1()[pri:0, instance:com.ss.selenium.annotations.A@49e4cb85]" name="aftermethod1" is-config="true" duration-ms="0" started-at="2019-02-01T03:04:38Z" finished-at="2019-02-01T03:04:38Z">
          <reporter-output>
          </reporter-output>
        </test-method> <!-- aftermethod1 -->
        <test-method status="PASS" signature="afterTest1()[pri:0, instance:com.ss.selenium.annotations.A@49e4cb85]" name="afterTest1" is-config="true" duration-ms="1" started-at="2019-02-01T03:04:38Z" finished-at="2019-02-01T03:04:38Z">
          <reporter-output>
          </reporter-output>
        </test-method> <!-- afterTest1 -->
        <test-method status="PASS" signature="suiteAfter()[pri:0, instance:com.ss.selenium.annotations.A@49e4cb85]" name="suiteAfter" is-config="true" duration-ms="1" started-at="2019-02-01T03:04:39Z" finished-at="2019-02-01T03:04:39Z">
          <reporter-output>
          </reporter-output>
        </test-method> <!-- suiteAfter -->
      </class> <!-- com.ss.selenium.annotations.A -->
      <class name="com.ss.selenium.annotations.B">
        <test-method status="PASS" signature="m1()[pri:0, instance:com.ss.selenium.annotations.B@2133c8f8]" name="m1" duration-ms="0" started-at="2019-02-01T03:04:38Z" finished-at="2019-02-01T03:04:38Z">
          <reporter-output>
          </reporter-output>
        </test-method> <!-- m1 -->
      </class> <!-- com.ss.selenium.annotations.B -->
    </test> <!-- Test Name -->
  </suite> <!-- Automation suite -->
</testng-results>
