<?xml version="1.0" encoding="UTF-8"?>
<!-- Generated by org.testng.reporters.JUnitXMLReporter -->
<testsuite hostname="HOME-VAIO" ignored="6" name="package test" tests="2" failures="0" timestamp="03 Jan 2019 15:56:53 GMT" time="0.035" errors="0">
  <testcase name="m1" time="0.008" classname="com.ss.selenium.annotations.B"/>
  <testcase name="m1" time="0.001" classname="com.ss.selenium.annotations.B"/>
  <testcase name="test1" time="0.0" classname="com.ss.selenium.annotations.A">
    <ignored/>
  </testcase> <!-- test1 -->
  <testcase name="test2" time="0.0" classname="com.ss.selenium.annotations.A">
    <ignored/>
  </testcase> <!-- test2 -->
  <testcase name="test3" time="0.0" classname="com.ss.selenium.annotations.A">
    <ignored/>
  </testcase> <!-- test3 -->
  <testcase name="cat" time="0.0" classname="com.ss.selenium.annotations.A">
    <ignored/>
  </testcase> <!-- cat -->
  <testcase name="@AfterSuite suiteAfter" time="0.0" classname="com.ss.selenium.annotations.B">
    <ignored/>
  </testcase> <!-- @AfterSuite suiteAfter -->
  <testcase name="@BeforeSuite suiteBefore" time="0.0" classname="com.ss.selenium.annotations.B">
    <ignored/>
  </testcase> <!-- @BeforeSuite suiteBefore -->
</testsuite> <!-- package test -->
