<?xml version="1.0" encoding="UTF-8"?>
<testng-results skipped="0" failed="0" ignored="0" total="2" passed="2">
  <reporter-output>
  </reporter-output>
  <suite name="Default suite" duration-ms="189" started-at="2019-02-01T09:02:11Z" finished-at="2019-02-01T09:02:11Z">
    <groups>
    </groups>
    <test name="Default test" duration-ms="189" started-at="2019-02-01T09:02:11Z" finished-at="2019-02-01T09:02:11Z">
      <class name="com.ss.selenium.annotations.B">
        <test-method status="PASS" signature="suiteBefore()[pri:0, instance:com.ss.selenium.annotations.B@29774679]" name="suiteBefore" is-config="true" duration-ms="67" started-at="2019-02-01T09:02:11Z" finished-at="2019-02-01T09:02:11Z">
          <reporter-output>
          </reporter-output>
        </test-method> <!-- suiteBefore -->
        <test-method status="PASS" signature="testBefore()[pri:0, instance:com.ss.selenium.annotations.B@29774679]" name="testBefore" is-config="true" duration-ms="0" started-at="2019-02-01T09:02:11Z" finished-at="2019-02-01T09:02:11Z">
          <reporter-output>
          </reporter-output>
        </test-method> <!-- testBefore -->
        <test-method status="PASS" signature="classBefore()[pri:0, instance:com.ss.selenium.annotations.B@29774679]" name="classBefore" is-config="true" duration-ms="0" started-at="2019-02-01T09:02:11Z" finished-at="2019-02-01T09:02:11Z">
          <reporter-output>
          </reporter-output>
        </test-method> <!-- classBefore -->
        <test-method status="PASS" signature="methodBefore()[pri:0, instance:com.ss.selenium.annotations.B@29774679]" name="methodBefore" is-config="true" duration-ms="1" started-at="2019-02-01T09:02:11Z" finished-at="2019-02-01T09:02:11Z">
          <reporter-output>
          </reporter-output>
        </test-method> <!-- methodBefore -->
        <test-method status="PASS" signature="m1()[pri:0, instance:com.ss.selenium.annotations.B@29774679]" name="m1" duration-ms="18" started-at="2019-02-01T09:02:11Z" finished-at="2019-02-01T09:02:11Z">
          <reporter-output>
          </reporter-output>
        </test-method> <!-- m1 -->
        <test-method status="PASS" signature="methodBefore()[pri:0, instance:com.ss.selenium.annotations.B@29774679]" name="methodBefore" is-config="true" duration-ms="1" started-at="2019-02-01T09:02:11Z" finished-at="2019-02-01T09:02:11Z">
          <reporter-output>
          </reporter-output>
        </test-method> <!-- methodBefore -->
        <test-method status="PASS" signature="m2()[pri:0, instance:com.ss.selenium.annotations.B@29774679]" name="m2" duration-ms="4" started-at="2019-02-01T09:02:11Z" finished-at="2019-02-01T09:02:11Z">
          <reporter-output>
          </reporter-output>
        </test-method> <!-- m2 -->
        <test-method status="PASS" signature="suiteAfter()[pri:0, instance:com.ss.selenium.annotations.B@29774679]" name="suiteAfter" is-config="true" duration-ms="1" started-at="2019-02-01T09:02:12Z" finished-at="2019-02-01T09:02:12Z">
          <reporter-output>
          </reporter-output>
        </test-method> <!-- suiteAfter -->
      </class> <!-- com.ss.selenium.annotations.B -->
    </test> <!-- Default test -->
  </suite> <!-- Default suite -->
</testng-results>
